0 verbose cli /usr/bin/node /usr/bin/npm
1 info using npm@9.2.0
2 info using node@v22.22.1
3 timing npm:load:whichnode Completed in 0ms
4 timing config:load:defaults Completed in 2ms
5 timing config:load:file:/usr/share/nodejs/npm/npmrc Completed in 11ms
6 timing config:load:builtin Completed in 12ms
7 timing config:load:cli Completed in 5ms
8 timing config:load:env Completed in 2ms
9 timing config:load:file:/home/acer/frappe/frappe-bench/.npmrc Completed in 1ms
10 timing config:load:project Completed in 21ms
11 timing config:load:file:/home/acer/.npmrc Completed in 0ms
12 timing config:load:user Completed in 1ms
13 timing config:load:file:/etc/npmrc Completed in 1ms
14 timing config:load:global Completed in 1ms
15 timing config:load:setEnvs Completed in 3ms
16 timing config:load Completed in 49ms
17 timing npm:load:configload Completed in 49ms
18 timing npm:load:mkdirpcache Completed in 2ms
19 timing npm:load:mkdirplogs Completed in 1ms
20 verbose title npm run build
21 verbose argv "run" "build"
22 timing npm:load:setTitle Completed in 3ms
23 timing config:load:flatten Completed in 9ms
24 timing npm:load:display Completed in 11ms
25 verbose logfile logs-max:10 dir:/home/acer/.npm/_logs/2026-06-07T04_34_07_203Z-
26 verbose logfile /home/acer/.npm/_logs/2026-06-07T04_34_07_203Z-debug-0.log
27 timing npm:load:logFile Completed in 24ms
28 timing npm:load:timers Completed in 0ms
29 timing npm:load:configScope Completed in 0ms
30 timing npm:load Completed in 92ms
31 silly logfile done cleaning log files
32 timing command:run Completed in 9ms
33 verbose stack Error: ENOENT: no such file or directory, open '/home/acer/frappe/frappe-bench/package.json'
34 verbose cwd /home/acer/frappe/frappe-bench
35 verbose Linux 6.6.114.1-microsoft-standard-WSL2
36 verbose node v22.22.1
37 verbose npm  v9.2.0
38 error code ENOENT
39 error syscall open
40 error path /home/acer/frappe/frappe-bench/package.json
41 error errno -2
42 error enoent ENOENT: no such file or directory, open '/home/acer/frappe/frappe-bench/package.json'
43 error enoent This is related to npm not being able to find a file.
43 error enoent
44 verbose exit -2
45 timing npm Completed in 152ms
46 verbose code -2
47 error A complete log of this run can be found in:
47 error     /home/acer/.npm/_logs/2026-06-07T04_34_07_203Z-debug-0.log
